-------------------------------------------------------------------------------
Test set: com.kaknnea.pos.service.CreditCollectionServiceTest
-------------------------------------------------------------------------------
Tests run: 6, Failures: 3, Errors: 3, Skipped: 0, Time elapsed: 0.202 s <<< FAILURE! -- in com.kaknnea.pos.service.CreditCollectionServiceTest
com.kaknnea.pos.service.CreditCollectionServiceTest.collect_withManualAllocations_sumMismatch_throwsApiException -- Time elapsed: 0.172 s <<< FAILURE!
org.opentest4j.AssertionFailedError: expected: <true> but was: <false>
	at org.junit.jupiter.api.AssertionFailureBuilder.build(AssertionFailureBuilder.java:151)
	at org.junit.jupiter.api.AssertionFailureBuilder.buildAndThrow(AssertionFailureBuilder.java:132)
	at org.junit.jupiter.api.AssertTrue.failNotTrue(AssertTrue.java:63)
	at org.junit.jupiter.api.AssertTrue.assertTrue(AssertTrue.java:36)
	at org.junit.jupiter.api.AssertTrue.assertTrue(AssertTrue.java:31)
	at org.junit.jupiter.api.Assertions.assertTrue(Assertions.java:183)
	at com.kaknnea.pos.service.CreditCollectionServiceTest.collect_withManualAllocations_sumMismatch_throwsApiException(CreditCollectionServiceTest.java:241)
	at java.base/java.lang.reflect.Method.invoke(Method.java:569)
	at java.base/java.util.ArrayList.forEach(ArrayList.java:1511)
	at java.base/java.util.ArrayList.forEach(ArrayList.java:1511)

com.kaknnea.pos.service.CreditCollectionServiceTest.collect_withManualAllocations_exceedsOutstanding_throwsApiException -- Time elapsed: 0.004 s <<< FAILURE!
org.opentest4j.AssertionFailedError: expected: <true> but was: <false>
	at org.junit.jupiter.api.AssertionFailureBuilder.build(AssertionFailureBuilder.java:151)
	at org.junit.jupiter.api.AssertionFailureBuilder.buildAndThrow(AssertionFailureBuilder.java:132)
	at org.junit.jupiter.api.AssertTrue.failNotTrue(AssertTrue.java:63)
	at org.junit.jupiter.api.AssertTrue.assertTrue(AssertTrue.java:36)
	at org.junit.jupiter.api.AssertTrue.assertTrue(AssertTrue.java:31)
	at org.junit.jupiter.api.Assertions.assertTrue(Assertions.java:183)
	at com.kaknnea.pos.service.CreditCollectionServiceTest.collect_withManualAllocations_exceedsOutstanding_throwsApiException(CreditCollectionServiceTest.java:306)
	at java.base/java.lang.reflect.Method.invoke(Method.java:569)
	at java.base/java.util.ArrayList.forEach(ArrayList.java:1511)
	at java.base/java.util.ArrayList.forEach(ArrayList.java:1511)

com.kaknnea.pos.service.CreditCollectionServiceTest.previewCollection_allocatesFifo_openingBalanceThenCreditSales -- Time elapsed: 0.005 s <<< ERROR!
com.kaknnea.pos.exception.ApiException: Customer not found
	at com.kaknnea.pos.service.CreditCollectionService.lambda$requireCustomer$12(CreditCollectionService.java:671)
	at java.base/java.util.Optional.orElseThrow(Optional.java:403)
	at com.kaknnea.pos.service.CreditCollectionService.requireCustomer(CreditCollectionService.java:671)
	at com.kaknnea.pos.service.CreditCollectionService.previewCollection(CreditCollectionService.java:85)
	at com.kaknnea.pos.service.CreditCollectionServiceTest.previewCollection_allocatesFifo_openingBalanceThenCreditSales(CreditCollectionServiceTest.java:107)
	at java.base/java.lang.reflect.Method.invoke(Method.java:569)
	at java.base/java.util.ArrayList.forEach(ArrayList.java:1511)
	at java.base/java.util.ArrayList.forEach(ArrayList.java:1511)

com.kaknnea.pos.service.CreditCollectionServiceTest.collect_withManualAllocations_appliesManualRows -- Time elapsed: 0.005 s <<< ERROR!
com.kaknnea.pos.exception.ApiException: Customer not found
	at com.kaknnea.pos.service.CreditCollectionService.lambda$requireCustomer$12(CreditCollectionService.java:671)
	at java.base/java.util.Optional.orElseThrow(Optional.java:403)
	at com.kaknnea.pos.service.CreditCollectionService.requireCustomer(CreditCollectionService.java:671)
	at com.kaknnea.pos.service.CreditCollectionService.collect(CreditCollectionService.java:98)
	at com.kaknnea.pos.service.CreditCollectionServiceTest.collect_withManualAllocations_appliesManualRows(CreditCollectionServiceTest.java:208)
	at java.base/java.lang.reflect.Method.invoke(Method.java:569)
	at java.base/java.util.ArrayList.forEach(ArrayList.java:1511)
	at java.base/java.util.ArrayList.forEach(ArrayList.java:1511)

com.kaknnea.pos.service.CreditCollectionServiceTest.collect_withManualAllocations_duplicateTarget_throwsApiException -- Time elapsed: 0.004 s <<< FAILURE!
org.opentest4j.AssertionFailedError: expected: <true> but was: <false>
	at org.junit.jupiter.api.AssertionFailureBuilder.build(AssertionFailureBuilder.java:151)
	at org.junit.jupiter.api.AssertionFailureBuilder.buildAndThrow(AssertionFailureBuilder.java:132)
	at org.junit.jupiter.api.AssertTrue.failNotTrue(AssertTrue.java:63)
	at org.junit.jupiter.api.AssertTrue.assertTrue(AssertTrue.java:36)
	at org.junit.jupiter.api.AssertTrue.assertTrue(AssertTrue.java:31)
	at org.junit.jupiter.api.Assertions.assertTrue(Assertions.java:183)
	at com.kaknnea.pos.service.CreditCollectionServiceTest.collect_withManualAllocations_duplicateTarget_throwsApiException(CreditCollectionServiceTest.java:275)
	at java.base/java.lang.reflect.Method.invoke(Method.java:569)
	at java.base/java.util.ArrayList.forEach(ArrayList.java:1511)
	at java.base/java.util.ArrayList.forEach(ArrayList.java:1511)

com.kaknnea.pos.service.CreditCollectionServiceTest.collect_withSameIdempotencyKey_returnsExistingPaymentWithoutCreatingNew -- Time elapsed: 0.003 s <<< ERROR!
com.kaknnea.pos.exception.ApiException: Customer not found
	at com.kaknnea.pos.service.CreditCollectionService.lambda$requireCustomer$12(CreditCollectionService.java:671)
	at java.base/java.util.Optional.orElseThrow(Optional.java:403)
	at com.kaknnea.pos.service.CreditCollectionService.requireCustomer(CreditCollectionService.java:671)
	at com.kaknnea.pos.service.CreditCollectionService.collect(CreditCollectionService.java:98)
	at com.kaknnea.pos.service.CreditCollectionServiceTest.collect_withSameIdempotencyKey_returnsExistingPaymentWithoutCreatingNew(CreditCollectionServiceTest.java:146)
	at java.base/java.lang.reflect.Method.invoke(Method.java:569)
	at java.base/java.util.ArrayList.forEach(ArrayList.java:1511)
	at java.base/java.util.ArrayList.forEach(ArrayList.java:1511)

