<?xml version="1.0" encoding="UTF-8"?>
<testsuite xmlns:xsi="http://www.w3.org/2001/XMLSchema-instance" xsi:noNamespaceSchemaLocation="https://maven.apache.org/surefire/maven-surefire-plugin/xsd/surefire-test-report-3.0.xsd" version="3.0" name="com.kaknnea.pos.service.CartServiceTest" time="0.302" tests="18" errors="0" skipped="0" failures="0">
  <properties>
[...]
</properties>
  <testcase name="testCompleteCart_InvalidState" classname="com.kaknnea.pos.service.CartServiceTest" time="0.197">
    <system-out><![CDATA[14:17:56.573 [main] INFO com.kaknnea.pos.service.CartService -- Completing cart: 1
]]></system-out>
  </testcase>
  <testcase name="testAddItemToCart_Success" classname="com.kaknnea.pos.service.CartServiceTest" time="0.014">
    <system-out><![CDATA[14:17:56.586 [main] INFO com.kaknnea.pos.service.CartService -- Adding item to cart. CartId: 1, ProductId: 1, Quantity: 5
14:17:56.590 [main] INFO com.kaknnea.pos.service.CartService -- Successfully added item to cart
]]></system-out>
  </testcase>
  <testcase name="testCreateCart_Success" classname="com.kaknnea.pos.service.CartServiceTest" time="0.006">
    <system-out><![CDATA[14:17:56.597 [main] INFO com.kaknnea.pos.service.CartService -- Creating new cart for customer: 1 in store: null
]]></system-out>
  </testcase>
  <testcase name="testAddItemToCart_ProductNotFound" classname="com.kaknnea.pos.service.CartServiceTest" time="0.005">
    <system-out><![CDATA[14:17:56.603 [main] INFO com.kaknnea.pos.service.CartService -- Adding item to cart. CartId: 1, ProductId: 999, Quantity: 5
]]></system-out>
  </testcase>
  <testcase name="testAddItemToCart_InvalidQuantity" classname="com.kaknnea.pos.service.CartServiceTest" time="0.004">
    <system-out><![CDATA[14:17:56.609 [main] INFO com.kaknnea.pos.service.CartService -- Adding item to cart. CartId: 1, ProductId: 1, Quantity: 0
14:17:56.609 [main] INFO com.kaknnea.pos.service.CartService -- Adding item to cart. CartId: 1, ProductId: 1, Quantity: -5
14:17:56.609 [main] INFO com.kaknnea.pos.service.CartService -- Adding item to cart. CartId: 1, ProductId: 1, Quantity: 10001
]]></system-out>
  </testcase>
  <testcase name="testClearCart_Success" classname="com.kaknnea.pos.service.CartServiceTest" time="0.004">
    <system-out><![CDATA[14:17:56.615 [main] INFO com.kaknnea.pos.service.CartService -- Clearing cart: 1
14:17:56.615 [main] INFO com.kaknnea.pos.service.CartService -- Successfully cleared cart
]]></system-out>
  </testcase>
  <testcase name="testRemoveItemFromCart_ItemNotFound" classname="com.kaknnea.pos.service.CartServiceTest" time="0.005">
    <system-out><![CDATA[14:17:56.620 [main] INFO com.kaknnea.pos.service.CartService -- Removing item from cart. CartId: 1, ItemId: 999
]]></system-out>
  </testcase>
  <testcase name="testGetCart_NotFound" classname="com.kaknnea.pos.service.CartServiceTest" time="0.004"/>
  <testcase name="testRemoveItemFromCart_Success" classname="com.kaknnea.pos.service.CartServiceTest" time="0.005">
    <system-out><![CDATA[14:17:56.631 [main] INFO com.kaknnea.pos.service.CartService -- Removing item from cart. CartId: 1, ItemId: 1
14:17:56.632 [main] INFO com.kaknnea.pos.service.CartService -- Successfully removed item from cart
]]></system-out>
  </testcase>
  <testcase name="testGetCart_Success" classname="com.kaknnea.pos.service.CartServiceTest" time="0.003"/>
  <testcase name="testUpdateCartItemQuantity_Success" classname="com.kaknnea.pos.service.CartServiceTest" time="0.005">
    <system-out><![CDATA[14:17:56.642 [main] INFO com.kaknnea.pos.service.CartService -- Updating cart item quantity. CartId: 1, ItemId: 1, NewQuantity: 10
14:17:56.643 [main] INFO com.kaknnea.pos.service.CartService -- Successfully updated cart item quantity
]]></system-out>
  </testcase>
  <testcase name="testCalculateCartTotal_WithDiscount" classname="com.kaknnea.pos.service.CartServiceTest" time="0.004"/>
  <testcase name="testAddItemToCart_DuplicateItem" classname="com.kaknnea.pos.service.CartServiceTest" time="0.005">
    <system-out><![CDATA[14:17:56.654 [main] INFO com.kaknnea.pos.service.CartService -- Adding item to cart. CartId: 1, ProductId: 1, Quantity: 5
14:17:56.654 [main] INFO com.kaknnea.pos.service.CartService -- Item already exists in cart, updating quantity
]]></system-out>
  </testcase>
  <testcase name="testCompleteCart_Success" classname="com.kaknnea.pos.service.CartServiceTest" time="0.004">
    <system-out><![CDATA[14:17:56.659 [main] INFO com.kaknnea.pos.service.CartService -- Completing cart: 1
]]></system-out>
  </testcase>
  <testcase name="testUpdateCartItemQuantity_InvalidQuantity" classname="com.kaknnea.pos.service.CartServiceTest" time="0.003">
    <system-out><![CDATA[14:17:56.664 [main] INFO com.kaknnea.pos.service.CartService -- Updating cart item quantity. CartId: 1, ItemId: 1, NewQuantity: 0
]]></system-out>
  </testcase>
  <testcase name="testCalculateCartTotal_WithMultipleItems" classname="com.kaknnea.pos.service.CartServiceTest" time="0.003"/>
  <testcase name="testCreateCart_CustomerNotFound" classname="com.kaknnea.pos.service.CartServiceTest" time="0.004">
    <system-out><![CDATA[14:17:56.673 [main] INFO com.kaknnea.pos.service.CartService -- Creating new cart for customer: 999 in store: null
]]></system-out>
  </testcase>
  <testcase name="testGetActiveCartForCustomer_Success" classname="com.kaknnea.pos.service.CartServiceTest" time="0.004"/>
</testsuite>